C51 COMPILER V9.00   OLED                                                                  12/07/2021 15:25:05 PAGE 1   


C51 COMPILER V9.00, COMPILATION OF MODULE OLED
OBJECT MODULE PLACED IN oled.OBJ
COMPILER INVOKED BY: E:\keil\C51\BIN\C51.EXE oled.c LARGE BROWSE DEBUG OBJECTEXTEND TABS(2)

line level    source

   1          #include "oled.h"
   2          #include "stdlib.h"
   3          #include "string.h"    
   4          
   5          /*OLED显存总共分为8页
   6            每页8行
   7            OLED的显存
   8            存放格式如下
   9            [0]0 1 2 3 ... 127 (0~7)行   
  10            [1]0 1 2 3 ... 127 (8~15) 
  11            [2]0 1 2 3 ... 127 (16~23)  
  12            [3]0 1 2 3 ... 127 (24~31)  
  13            [4]0 1 2 3 ... 127 (32~39)
  14            [5]0 1 2 3 ... 127 (40~47)
  15            [6]0 1 2 3 ... 127 (48~55)  
  16            [7]0 1 2 3 ... 127 (56~63)
  17          */  
  18          
  19          //system
  20          void delay_ms(unsigned int ms)
  21          {                         
  22   1        int i,j;
  23   1        for(i=0;i<ms;i++)
  24   1           for(j=0;j<120;j++);
  25   1      }
  26          
  27          //SPI操作函数
  28          void SPI_WriteByte(unsigned char byte)    /*SPI字节写函数*///把data微观成针脚上每个时钟每
             -个高低电平
  29          { 
  30   1        unsigned char i;
  31   1        for(i=0;i<8;i++)
  32   1        {       
  33   2          if(byte&0x80)    //按位与,从最高位开始判断，高电平写高，低电平写低
  34   2          {
  35   3            OLED_MOSI_Set();  //数据高电平
  36   3          }
  37   2          else
  38   2          {
  39   3            OLED_MOSI_Clr();  //数据低电平
  40   3          }
  41   2          OLED_CLK_Clr();    //时钟0
  42   2          OLED_CLK_Set();    //时钟1
  43   2          byte<<=1;          //一个时钟写一位
  44   2        }              
  45   1      }
  46          
  47          //OLED操作函数
  48          
  49          void OLED_WR_Byte(unsigned dat,unsigned cmd)   /*字节写函数*/
  50          {
  51   1        if(cmd)  
  52   1        {
  53   2          OLED_DC_Set();  //数据
  54   2        }
C51 COMPILER V9.00   OLED                                                                  12/07/2021 15:25:05 PAGE 2   

  55   1        else  ///cmd必为0，写命令
  56   1        {
  57   2          OLED_DC_Clr();   //命令
  58   2        }
  59   1        OLED_CS_Clr();    //低电平使能
  60   1        SPI_WriteByte(dat);
  61   1        OLED_CS_Set();
  62   1      }
  63          
  64          void OLED_Set_Pos(unsigned char x, unsigned char y) ////Set coordinates in the OLED screen
  65          {
  66   1        OLED_WR_Byte(YLevel+y,OLED_CMD);  //页地址指令
  67   1        OLED_WR_Byte(((x&0xf0)>>4)|0x10,OLED_CMD);  
  68   1        OLED_WR_Byte((x&0x0f),OLED_CMD); 
  69   1      }  
  70          
  71          void OLED_Clear(unsigned dat)   /*清屏函数*/
  72          { 
  73   1        u8 i,n,color; 
  74   1        if(dat)
  75   1        {
  76   2          color = 0xff;
  77   2        }
  78   1        else
  79   1        {
  80   2          color = 0;
  81   2        }
  82   1        for(i=0;i<PAGE_SIZE;i++)    //页扫描
  83   1        {  
  84   2          OLED_WR_Byte(YLevel+i,OLED_CMD);    //设置页地址（0~7）
  85   2          OLED_WR_Byte(XLevelL,OLED_CMD);     //设置显示位置—列低地址
  86   2          OLED_WR_Byte(XLevelH,OLED_CMD);     //设置显示位置—列高地址
  87   2          for(n=0;n<WIDTH;n++)   //填充行
  88   2          {
  89   3            OLED_WR_Byte(color,OLED_DATA); 
  90   3          }
  91   2        }   //更新显示
  92   1      }
  93          
  94          void OLED_Reset(void)     /*复位函数*/
  95          {
  96   1        OLED_RST_Set();
  97   1        delay_ms(100);
  98   1        OLED_RST_Clr();
  99   1        delay_ms(100);
 100   1        OLED_RST_Set(); 
 101   1      } 
 102          
 103          void OLED_Init(void)   /*初始化函数*/
 104          {
 105   1        OLED_Reset();     //复位OLED
 106   1      
 107   1      /**************³初始化SSD1306*****************/ 
 108   1        OLED_WR_Byte(0xAE,OLED_CMD); /*display off*/
 109   1        OLED_WR_Byte(0x00,OLED_CMD); /*set lower column address*/
 110   1        OLED_WR_Byte(0x10,OLED_CMD); /*set higher column address*/
 111   1        OLED_WR_Byte(0x40,OLED_CMD); /*set display start line*/ 
 112   1        OLED_WR_Byte(0xB0,OLED_CMD); /*set page address*/
 113   1        OLED_WR_Byte(0x81,OLED_CMD); /*contract control*/ 
 114   1        OLED_WR_Byte(0xFF,OLED_CMD); /*128*/
 115   1        OLED_WR_Byte(0xA1,OLED_CMD); /*set segment remap*/ 
 116   1        OLED_WR_Byte(0xA6,OLED_CMD); /*normal / reverse*/
C51 COMPILER V9.00   OLED                                                                  12/07/2021 15:25:05 PAGE 3   

 117   1        OLED_WR_Byte(0xA8,OLED_CMD); /*multiplex ratio*/ 
 118   1        OLED_WR_Byte(0x3F,OLED_CMD); /*duty = 1/64*/
 119   1        OLED_WR_Byte(0xC8,OLED_CMD); /*Com scan direction*/
 120   1        OLED_WR_Byte(0xD3,OLED_CMD); /*set display offset*/ 
 121   1        OLED_WR_Byte(0x00,OLED_CMD);
 122   1        OLED_WR_Byte(0xD5,OLED_CMD); /*set osc division*/ 
 123   1        OLED_WR_Byte(0x80,OLED_CMD);
 124   1        OLED_WR_Byte(0xD9,OLED_CMD); /*set pre-charge period*/ 
 125   1        OLED_WR_Byte(0XF1,OLED_CMD);
 126   1        OLED_WR_Byte(0xDA,OLED_CMD); /*set COM pins*/ 
 127   1        OLED_WR_Byte(0x12,OLED_CMD);
 128   1        OLED_WR_Byte(0xDB,OLED_CMD); /*set vcomh*/ 
 129   1        OLED_WR_Byte(0x30,OLED_CMD);
 130   1        OLED_WR_Byte(0x8D,OLED_CMD); /*set charge pump disable*/ 
 131   1        OLED_WR_Byte(0x14,OLED_CMD);
 132   1        OLED_WR_Byte(0xAF,OLED_CMD); /*display ON*/
 133   1      }  
 134          
 135          


MODULE INFORMATION:   STATIC OVERLAYABLE
   CODE SIZE        =    358    ----
   CONSTANT SIZE    =   ----    ----
   XDATA SIZE       =   ----    ----
   PDATA SIZE       =   ----    ----
   DATA SIZE        =   ----    ----
   IDATA SIZE       =   ----    ----
   BIT SIZE         =   ----    ----
END OF MODULE INFORMATION.


C51 COMPILATION COMPLETE.  0 WARNING(S),  0 ERROR(S)
