C51 COMPILER V9.00   UART                                                                  12/07/2021 15:25:05 PAGE 1   


C51 COMPILER V9.00, COMPILATION OF MODULE UART
OBJECT MODULE PLACED IN uart.OBJ
COMPILER INVOKED BY: E:\keil\C51\BIN\C51.EXE uart.c LARGE BROWSE DEBUG OBJECTEXTEND TABS(2)

line level    source

   1          /*
   2            串口打印配置
   3            串口1 模式1
   4            波特率9600
   5            波特率发生器：定时器1
   6          */
   7          
   8          #include "UART.H"
   9          #include "8a8k.h"
  10          
  11          void UartInit(void)   //9600bps@24.000MHz
  12          {
  13   1        SCON = 0x50;    //8位数据,可变波特率 串口1 模式1
  14   1        AUXR |= 0x40;   //定时器1时钟为Fosc,即1T
  15   1        AUXR &= 0xFE;   //串口1选择定时器1为波特率发生器
  16   1        TMOD &= 0x0F;   //设定定时器1为16位自动重装方式
  17   1        TL1 = 0x8F;   //设定定时初值
  18   1        TH1 = 0xFD;   //设定定时初值
  19   1        ET1 = 0;    //禁止定时器1中断
  20   1        TR1 = 1;    //启动定时器1
  21   1      }
  22          
  23          char putchar(char c)
  24          {
  25   1          ES=0;
  26   1        SBUF = c;  
  27   1        TI = 0; 
  28   1        while(TI == 0);
  29   1        TI = 0; 
  30   1        ES=1;
  31   1        
  32   1        return c;
  33   1      }


MODULE INFORMATION:   STATIC OVERLAYABLE
   CODE SIZE        =     37    ----
   CONSTANT SIZE    =   ----    ----
   XDATA SIZE       =   ----    ----
   PDATA SIZE       =   ----    ----
   DATA SIZE        =   ----    ----
   IDATA SIZE       =   ----    ----
   BIT SIZE         =   ----    ----
END OF MODULE INFORMATION.


C51 COMPILATION COMPLETE.  0 WARNING(S),  0 ERROR(S)
